-------------------------------------------------------------------------------
Test set: CourierCreationTest
-------------------------------------------------------------------------------
Tests run: 2, Failures: 1, Errors: 0, Skipped: 0, Time elapsed: 6.102 s <<< FAILURE! - in CourierCreationTest
checkCannotCreateIdenticalCouriersTest(CourierCreationTest)  Time elapsed: 5.296 s  <<< FAILURE!
java.lang.AssertionError: Создано два одинаковых курьера
	at CourierCreationTest.checkCannotCreateIdenticalCouriersTest(CourierCreationTest.java:57)

